<?xml version="1.0" encoding="UTF-8"?>
<!-- Generated by org.testng.reporters.JUnitReportReporter -->
<testsuite hostname="ZSCHN01LP0090" failures="0" tests="5" name="runners.GooglePageRunner" time="109.238" errors="1" timestamp="2024-02-08T16:55:33 IST" skipped="0">
  <testcase classname="runners.GooglePageRunner" name="runScenario" time="11.724"/>
  <testcase classname="runners.GooglePageRunner" name="runScenario" time="14.249"/>
  <testcase classname="runners.GooglePageRunner" name="runScenario" time="11.901"/>
  <testcase classname="runners.GooglePageRunner" name="runScenario" time="15.690"/>
  <testcase classname="runners.GooglePageRunner" name="runScenario" time="55.674">
    <error message="Index: 0" type="java.lang.IndexOutOfBoundsException">
      <![CDATA[java.lang.IndexOutOfBoundsException: Index: 0
at java.base/java.util.Collections$EmptyList.get(Collections.java:4586)
at stepDefinition.UserLoginStepDef.user_enters_credentials(UserLoginStepDef.java:71)
at ✽.User enters credentials(file:///D:/workspace/BDDSamplesZuci/src/test/resources/features/UserLogin.feature:37)
]]>
    </error>
  </testcase> <!-- runScenario -->
</testsuite> <!-- runners.GooglePageRunner -->
